1731492008988|6|statement|select * from information_schema.sequences
1731492009028|0|statement|select * from "public"."project" where 1=0
1731492009034|0|statement|select * from "public"."users" where 1=0
1731492009047|0|statement|select * from "public"."project" where 1=0
1731492009050|0|statement|select * from "public"."users" where 1=0
1731492045899|3|statement|select * from information_schema.sequences
1731492045946|0|statement|select * from "public"."project" where 1=0
1731492045946|0|statement|select * from "public"."users" where 1=0
1731492045962|0|statement|select * from "public"."project" where 1=0
1731492045962|0|statement|select * from "public"."users" where 1=0
1731492126558|3|statement|select * from information_schema.sequences
1731492126591|0|statement|select * from "public"."project" where 1=0
1731492126596|0|statement|select * from "public"."users" where 1=0
1731492126609|0|statement|select * from "public"."project" where 1=0
1731492126612|0|statement|select * from "public"."users" where 1=0
1731492141770|3|statement|select * from information_schema.sequences
1731492141805|0|statement|select * from "public"."project" where 1=0
1731492141811|0|statement|select * from "public"."users" where 1=0
1731492141830|0|statement|select * from "public"."project" where 1=0
1731492141835|0|statement|select * from "public"."users" where 1=0
1731492147761|1|statement|select u1_0.users_id,u1_0.email,u1_0.name from users u1_0
1731492147764|0|commit|
1731492149664|0|statement|select u1_0.users_id,u1_0.email,u1_0.name from users u1_0
1731492149665|0|commit|
1731492547387|3|statement|select * from information_schema.sequences
1731492547415|7|statement|create index idx_project_title on project (title)
1731492547422|5|statement|create index idx_project_description on project (description)
1731492547433|5|statement|create index idx_task_title on task (title)
1731492547439|4|statement|create index idx_task_statue on task (statue)
1731492547445|5|statement|create index idx_task_project_id on task (project_id)
1731492547455|6|statement|create index idx_user_name on users (name)
1731492547459|2|statement|alter table if exists users drop constraint if exists idx_user_email
1731492547467|5|statement|alter table if exists users add constraint idx_user_email unique (email)
1731492547492|0|statement|select * from "public"."project" where 1=0
1731492547498|0|statement|select * from "public"."users" where 1=0
1731492547510|0|statement|select * from "public"."project" where 1=0
1731492547513|0|statement|select * from "public"."users" where 1=0
1731492589807|4|statement|select * from information_schema.sequences
1731492589832|9|statement|create table project (project_id bigserial not null, description varchar(255), title varchar(255), primary key (project_id))
1731492589844|10|statement|create table task (task_id bigserial not null, statue varchar(255), title varchar(255), project_id bigint, users_id bigint, primary key (task_id))
1731492589858|12|statement|create table users (users_id bigserial not null, email varchar(255), name varchar(255), primary key (users_id))
1731492589863|4|statement|create table users_project (users_id bigint not null, project_id bigint not null, primary key (users_id, project_id))
1731492589867|3|statement|create index idx_project_title on project (title)
1731492589873|5|statement|create index idx_project_description on project (description)
1731492589880|6|statement|create index idx_task_title on task (title)
1731492589889|7|statement|create index idx_task_statue on task (statue)
1731492589895|4|statement|create index idx_task_project_id on task (project_id)
1731492589900|3|statement|alter table if exists task drop constraint if exists UK_sos5yupwk4moyd7ct3xlocogv
1731492589908|6|statement|alter table if exists task add constraint UK_sos5yupwk4moyd7ct3xlocogv unique (users_id)
1731492589914|5|statement|create index idx_user_name on users (name)
1731492589917|1|statement|alter table if exists users drop constraint if exists idx_user_email
1731492589922|5|statement|alter table if exists users add constraint idx_user_email unique (email)
1731492589927|3|statement|alter table if exists task add constraint FKk8qrwowg31kx7hp93sru1pdqa foreign key (project_id) references project
1731492589929|1|statement|alter table if exists task add constraint FK266dcc5lf06iwg8qs4nqxxsr foreign key (users_id) references users
1731492589932|1|statement|alter table if exists users_project add constraint FKnns300cdahrg4ye5xj82s6ltc foreign key (project_id) references project
1731492589934|1|statement|alter table if exists users_project add constraint FKlqcpatvwng68j2j9ufdl1s56h foreign key (users_id) references users
1731492899403|6|statement|CREATE INDEX idx_users_project_project_id ON users_project(project_id)
1731492899408|4|statement|CREATE INDEX idx_users_project_user_id ON users_project(users_id)
1731492900543|4|statement|select * from information_schema.sequences
1731492900583|0|statement|select * from "public"."project" where 1=0
1731492900589|0|statement|select * from "public"."users" where 1=0
1731492900602|0|statement|select * from "public"."project" where 1=0
1731492900604|0|statement|select * from "public"."users" where 1=0
1731492923636|10|statement|CREATE INDEX idx_users_project_project_id ON users_project(project_id)
1731492938967|6|statement|CREATE INDEX idx_users_project_project_id ON users_project(project_id)
1731492976927|3|statement|select * from information_schema.sequences
1731492976947|8|statement|create table project (project_id bigserial not null, description varchar(255), title varchar(255), primary key (project_id))
1731492976959|9|statement|create table task (task_id bigserial not null, statue varchar(255), title varchar(255), project_id bigint, users_id bigint, primary key (task_id))
1731492976982|21|statement|create table users (users_id bigserial not null, email varchar(255), name varchar(255), primary key (users_id))
1731492976989|6|statement|create table users_project (users_id bigint not null, project_id bigint not null, primary key (users_id, project_id))
1731492976996|6|statement|create index idx_project_title on project (title)
1731492977002|5|statement|create index idx_project_description on project (description)
1731492977010|6|statement|create index idx_task_title on task (title)
1731492977016|5|statement|create index idx_task_statue on task (statue)
1731492977024|7|statement|create index idx_task_project_id on task (project_id)
1731492977030|5|statement|alter table if exists task drop constraint if exists UK_sos5yupwk4moyd7ct3xlocogv
1731492977037|5|statement|alter table if exists task add constraint UK_sos5yupwk4moyd7ct3xlocogv unique (users_id)
1731492977045|7|statement|create index idx_user_name on users (name)
1731492977048|2|statement|alter table if exists users drop constraint if exists idx_user_email
1731492977055|6|statement|alter table if exists users add constraint idx_user_email unique (email)
1731492977062|5|statement|alter table if exists task add constraint FKk8qrwowg31kx7hp93sru1pdqa foreign key (project_id) references project
1731492977066|3|statement|alter table if exists task add constraint FK266dcc5lf06iwg8qs4nqxxsr foreign key (users_id) references users
1731492977069|2|statement|alter table if exists users_project add constraint FKnns300cdahrg4ye5xj82s6ltc foreign key (project_id) references project
1731492977072|2|statement|alter table if exists users_project add constraint FKlqcpatvwng68j2j9ufdl1s56h foreign key (users_id) references users
1731493114962|8|statement|select * from information_schema.sequences
1731493115022|0|statement|select * from "public"."project" where 1=0
1731493115028|0|statement|select * from "public"."users" where 1=0
1731493115045|0|statement|select * from "public"."project" where 1=0
1731493115047|0|statement|select * from "public"."users" where 1=0
1731493403490|1|statement|select u1_0.users_id,u1_0.email,u1_0.name from users u1_0
1731493403522|1|statement|select t1_0.task_id,t1_0.project_id,t1_0.statue,t1_0.title,t1_0.users_id from task t1_0 where t1_0.users_id=1
1731493403530|0|commit|
1731493403530|0|statement|select p1_0.users_id,p1_1.project_id,p1_1.description,p1_1.title from users_project p1_0 join project p1_1 on p1_1.project_id=p1_0.project_id where p1_0.users_id=1
1731493403538|0|statement|select u1_0.project_id,u1_1.users_id,u1_1.email,u1_1.name,t1_0.task_id,t1_0.project_id,t1_0.statue,t1_0.title from users_project u1_0 join users u1_1 on u1_1.users_id=u1_0.users_id left join task t1_0 on u1_1.users_id=t1_0.users_id where u1_0.project_id=1
1731493415739|4|statement|select * from information_schema.sequences
1731493415783|0|statement|select * from "public"."project" where 1=0
1731493415790|0|statement|select * from "public"."users" where 1=0
1731493415802|0|statement|select * from "public"."project" where 1=0
1731493415804|0|statement|select * from "public"."users" where 1=0
1731493421319|0|statement|select u1_0.users_id,u1_0.email,u1_0.name from users u1_0
1731493421334|0|statement|select t1_0.task_id,t1_0.project_id,t1_0.statue,t1_0.title,t1_0.users_id from task t1_0 where t1_0.users_id=1
1731493421344|0|commit|
1731493421350|0|statement|select p1_0.users_id,p1_1.project_id,p1_1.description,p1_1.title from users_project p1_0 join project p1_1 on p1_1.project_id=p1_0.project_id where p1_0.users_id=1
1731493421353|0|statement|select u1_0.project_id,u1_1.users_id,u1_1.email,u1_1.name,t1_0.task_id,t1_0.project_id,t1_0.statue,t1_0.title from users_project u1_0 join users u1_1 on u1_1.users_id=u1_0.users_id left join task t1_0 on u1_1.users_id=t1_0.users_id where u1_0.project_id=1
1731493502975|3|statement|select * from information_schema.sequences
1731493503015|0|statement|select * from "public"."project" where 1=0
1731493503022|0|statement|select * from "public"."users" where 1=0
1731493503035|0|statement|select * from "public"."project" where 1=0
1731493503037|0|statement|select * from "public"."users" where 1=0
1731493511308|0|statement|select u1_0.users_id,u1_0.email,u1_0.name from users u1_0
1731493511320|0|statement|select t1_0.task_id,t1_0.project_id,t1_0.statue,t1_0.title,t1_0.users_id from task t1_0 where t1_0.users_id=1
1731493511326|0|commit|
1731493511329|0|statement|select p1_0.users_id,p1_1.project_id,p1_1.description,p1_1.title from users_project p1_0 join project p1_1 on p1_1.project_id=p1_0.project_id where p1_0.users_id=1
1731493511333|0|statement|select u1_0.project_id,u1_1.users_id,u1_1.email,u1_1.name,t1_0.task_id,t1_0.project_id,t1_0.statue,t1_0.title from users_project u1_0 join users u1_1 on u1_1.users_id=u1_0.users_id left join task t1_0 on u1_1.users_id=t1_0.users_id where u1_0.project_id=1
1731493700722|4|statement|select * from information_schema.sequences
1731493700757|0|statement|select * from "public"."project" where 1=0
1731493700764|0|statement|select * from "public"."users" where 1=0
1731493700777|0|statement|select * from "public"."project" where 1=0
1731493700780|0|statement|select * from "public"."users" where 1=0
1731493706038|0|statement|select u1_0.users_id,u1_0.email,u1_0.name from users u1_0
1731493706051|0|statement|select t1_0.task_id,t1_0.project_id,t1_0.statue,t1_0.title,t1_0.users_id from task t1_0 where t1_0.users_id=1
1731493706058|0|commit|
1731493706063|0|statement|select p1_0.users_id,p1_1.project_id,p1_1.description,p1_1.title from users_project p1_0 join project p1_1 on p1_1.project_id=p1_0.project_id where p1_0.users_id=1
1731493706066|0|statement|select u1_0.project_id,u1_1.users_id,u1_1.email,u1_1.name,t1_0.task_id,t1_0.project_id,t1_0.statue,t1_0.title from users_project u1_0 join users u1_1 on u1_1.users_id=u1_0.users_id left join task t1_0 on u1_1.users_id=t1_0.users_id where u1_0.project_id=1
1731493725642|4|statement|select * from information_schema.sequences
1731493725681|0|statement|select * from "public"."project" where 1=0
1731493725687|0|statement|select * from "public"."users" where 1=0
1731493725699|0|statement|select * from "public"."project" where 1=0
1731493725700|0|statement|select * from "public"."users" where 1=0
1731493754071|1|statement|select u1_0.users_id,u1_0.email,u1_0.name,t1_0.task_id,t1_0.project_id,t1_0.statue,t1_0.title from users u1_0 left join task t1_0 on u1_0.users_id=t1_0.users_id where u1_0.users_id=1
1731493754087|0|commit|
1731493754095|0|statement|select p1_0.users_id,p1_1.project_id,p1_1.description,p1_1.title from users_project p1_0 join project p1_1 on p1_1.project_id=p1_0.project_id where p1_0.users_id=1
1731493754095|0|statement|select u1_0.project_id,u1_1.users_id,u1_1.email,u1_1.name,t1_0.task_id,t1_0.project_id,t1_0.statue,t1_0.title from users_project u1_0 join users u1_1 on u1_1.users_id=u1_0.users_id left join task t1_0 on u1_1.users_id=t1_0.users_id where u1_0.project_id=1
1731493770316|4|statement|select * from information_schema.sequences
1731493770355|0|statement|select * from "public"."project" where 1=0
1731493770362|0|statement|select * from "public"."users" where 1=0
1731493770374|0|statement|select * from "public"."project" where 1=0
1731493770377|0|statement|select * from "public"."users" where 1=0
1731493786977|1|statement|select u1_0.users_id,u1_0.email,u1_0.name from users u1_0
1731493786991|0|statement|select t1_0.task_id,t1_0.project_id,t1_0.statue,t1_0.title,t1_0.users_id from task t1_0 where t1_0.users_id=1
1731493786999|0|commit|
1731493787005|0|statement|select p1_0.users_id,p1_1.project_id,p1_1.description,p1_1.title from users_project p1_0 join project p1_1 on p1_1.project_id=p1_0.project_id where p1_0.users_id=1
1731493787008|0|statement|select u1_0.project_id,u1_1.users_id,u1_1.email,u1_1.name,t1_0.task_id,t1_0.project_id,t1_0.statue,t1_0.title from users_project u1_0 join users u1_1 on u1_1.users_id=u1_0.users_id left join task t1_0 on u1_1.users_id=t1_0.users_id where u1_0.project_id=1
1731494003877|4|statement|select * from information_schema.sequences
1731494003922|0|statement|select * from "public"."project" where 1=0
1731494003928|0|statement|select * from "public"."users" where 1=0
1731494003942|0|statement|select * from "public"."project" where 1=0
1731494003944|0|statement|select * from "public"."users" where 1=0
1731494025608|3|statement|select * from information_schema.sequences
1731494025633|12|statement|create table project (project_id bigserial not null, description varchar(255), title varchar(255), primary key (project_id))
1731494025650|11|statement|create table task (task_id bigserial not null, statue varchar(255), title varchar(255), project_id bigint, users_id bigint, primary key (task_id))
1731494025664|12|statement|create table users (users_id bigserial not null, email varchar(255), name varchar(255), primary key (users_id))
1731494025670|6|statement|create table users_project (users_id bigint not null, project_id bigint not null, primary key (users_id, project_id))
1731494025678|6|statement|create index idx_project_title on project (title)
1731494025684|5|statement|create index idx_project_description on project (description)
1731494025688|2|statement|alter table if exists task drop constraint if exists UK_sos5yupwk4moyd7ct3xlocogv
1731494025694|5|statement|alter table if exists task add constraint UK_sos5yupwk4moyd7ct3xlocogv unique (users_id)
1731494025697|2|statement|alter table if exists task add constraint FKk8qrwowg31kx7hp93sru1pdqa foreign key (project_id) references project
1731494025698|1|statement|alter table if exists task add constraint FK266dcc5lf06iwg8qs4nqxxsr foreign key (users_id) references users
1731494025701|1|statement|alter table if exists users_project add constraint FKnns300cdahrg4ye5xj82s6ltc foreign key (project_id) references project
1731494025702|1|statement|alter table if exists users_project add constraint FKlqcpatvwng68j2j9ufdl1s56h foreign key (users_id) references users
1731494034046|1|statement|select u1_0.users_id,u1_0.email,u1_0.name from users u1_0
1731494034054|0|commit|
1731494075851|0|statement|select u1_0.users_id,u1_0.email,u1_0.name from users u1_0
1731494075875|1|statement|select t1_0.task_id,t1_0.project_id,t1_0.statue,t1_0.title,t1_0.users_id from task t1_0 where t1_0.users_id=1
1731494075883|0|commit|
1731494075891|1|statement|select p1_0.users_id,p1_1.project_id,p1_1.description,p1_1.title from users_project p1_0 join project p1_1 on p1_1.project_id=p1_0.project_id where p1_0.users_id=1
1731494114302|0|statement|select u1_0.users_id,u1_0.email,u1_0.name from users u1_0
1731494114302|0|statement|select t1_0.task_id,t1_0.project_id,t1_0.statue,t1_0.title,t1_0.users_id from task t1_0 where t1_0.users_id=1
1731494114302|0|commit|
1731494114302|0|statement|select p1_0.users_id,p1_1.project_id,p1_1.description,p1_1.title from users_project p1_0 join project p1_1 on p1_1.project_id=p1_0.project_id where p1_0.users_id=1
1731494114310|0|statement|select u1_0.project_id,u1_1.users_id,u1_1.email,u1_1.name,t1_0.task_id,t1_0.project_id,t1_0.statue,t1_0.title from users_project u1_0 join users u1_1 on u1_1.users_id=u1_0.users_id left join task t1_0 on u1_1.users_id=t1_0.users_id where u1_0.project_id=1
1731494129819|0|statement|select u1_0.users_id,u1_0.email,u1_0.name from users u1_0
1731494129819|0|statement|select t1_0.task_id,t1_0.project_id,t1_0.statue,t1_0.title,t1_0.users_id from task t1_0 where t1_0.users_id=1
1731494129819|0|commit|
1731494129819|1|statement|select p1_0.users_id,p1_1.project_id,p1_1.description,p1_1.title from users_project p1_0 join project p1_1 on p1_1.project_id=p1_0.project_id where p1_0.users_id=1
1731494298155|3|statement|select * from information_schema.sequences
1731494298192|25|statement|create table project (project_id bigserial not null, description varchar(255), title varchar(255), primary key (project_id))
1731494298205|10|statement|create table task (task_id bigserial not null, statue varchar(255), title varchar(255), project_id bigint, users_id bigint, primary key (task_id))
1731494298228|22|statement|create table users (users_id bigserial not null, email varchar(255), name varchar(255), primary key (users_id))
1731494298235|6|statement|create table users_project (users_id bigint not null, project_id bigint not null, primary key (users_id, project_id))
1731494298241|5|statement|create index idx_project_title on project (title)
1731494298246|3|statement|create index idx_project_description on project (description)
1731494298249|2|statement|alter table if exists task drop constraint if exists UK_sos5yupwk4moyd7ct3xlocogv
1731494298255|5|statement|alter table if exists task add constraint UK_sos5yupwk4moyd7ct3xlocogv unique (users_id)
1731494298259|2|statement|alter table if exists task add constraint FKk8qrwowg31kx7hp93sru1pdqa foreign key (project_id) references project
1731494298260|1|statement|alter table if exists task add constraint FK266dcc5lf06iwg8qs4nqxxsr foreign key (users_id) references users
1731494298262|0|statement|alter table if exists users_project add constraint FKnns300cdahrg4ye5xj82s6ltc foreign key (project_id) references project
1731494298263|1|statement|alter table if exists users_project add constraint FKlqcpatvwng68j2j9ufdl1s56h foreign key (users_id) references users
1731494376668|1|statement|select u1_0.users_id,u1_0.email,u1_0.name from users u1_0
1731494376681|0|statement|select t1_0.task_id,t1_0.project_id,t1_0.statue,t1_0.title,t1_0.users_id from task t1_0 where t1_0.users_id=1
1731494376689|0|commit|
1731494376693|0|statement|select p1_0.users_id,p1_1.project_id,p1_1.description,p1_1.title from users_project p1_0 join project p1_1 on p1_1.project_id=p1_0.project_id where p1_0.users_id=1
1731494376697|0|statement|select u1_0.project_id,u1_1.users_id,u1_1.email,u1_1.name,t1_0.task_id,t1_0.project_id,t1_0.statue,t1_0.title from users_project u1_0 join users u1_1 on u1_1.users_id=u1_0.users_id left join task t1_0 on u1_1.users_id=t1_0.users_id where u1_0.project_id=1
1731494428185|3|statement|select * from information_schema.sequences
1731494428209|12|statement|create table project (project_id bigserial not null, description varchar(255), title varchar(255), primary key (project_id))
1731494428221|9|statement|create table task (task_id bigserial not null, statue varchar(255), title varchar(255), project_id bigint, users_id bigint, primary key (task_id))
1731494428233|11|statement|create table users (users_id bigserial not null, email varchar(255), name varchar(255), primary key (users_id))
1731494428240|6|statement|create table users_project (users_id bigint not null, project_id bigint not null, primary key (users_id, project_id))
1731494428244|3|statement|create index idx_project_title on project (title)
1731494428249|4|statement|create index idx_project_description on project (description)
1731494428252|1|statement|alter table if exists task drop constraint if exists UK_sos5yupwk4moyd7ct3xlocogv
1731494428258|4|statement|alter table if exists task add constraint UK_sos5yupwk4moyd7ct3xlocogv unique (users_id)
1731494428260|1|statement|alter table if exists task add constraint FKk8qrwowg31kx7hp93sru1pdqa foreign key (project_id) references project
1731494428261|0|statement|alter table if exists task add constraint FK266dcc5lf06iwg8qs4nqxxsr foreign key (users_id) references users
1731494428263|1|statement|alter table if exists users_project add constraint FKnns300cdahrg4ye5xj82s6ltc foreign key (project_id) references project
1731494428264|0|statement|alter table if exists users_project add constraint FKlqcpatvwng68j2j9ufdl1s56h foreign key (users_id) references users
1731494474111|1|statement|select u1_0.users_id,u1_0.email,u1_0.name from users u1_0
1731494474125|0|statement|select t1_0.task_id,t1_0.project_id,t1_0.statue,t1_0.title,t1_0.users_id from task t1_0 where t1_0.users_id=1
1731494474133|0|commit|
1731494474137|0|statement|select p1_0.users_id,p1_1.project_id,p1_1.description,p1_1.title from users_project p1_0 join project p1_1 on p1_1.project_id=p1_0.project_id where p1_0.users_id=1
1731494528461|0|statement|select u1_0.users_id,u1_0.email,u1_0.name from users u1_0
1731494528463|0|statement|select t1_0.task_id,t1_0.project_id,t1_0.statue,t1_0.title,t1_0.users_id from task t1_0 where t1_0.users_id=1
1731494528464|0|commit|
1731494528466|0|statement|select p1_0.users_id,p1_1.project_id,p1_1.description,p1_1.title from users_project p1_0 join project p1_1 on p1_1.project_id=p1_0.project_id where p1_0.users_id=1
1731494528471|1|statement|select u1_0.project_id,u1_1.users_id,u1_1.email,u1_1.name,t1_0.task_id,t1_0.project_id,t1_0.statue,t1_0.title from users_project u1_0 join users u1_1 on u1_1.users_id=u1_0.users_id left join task t1_0 on u1_1.users_id=t1_0.users_id where u1_0.project_id=1
1731494566304|0|statement|select u1_0.users_id,u1_0.email,u1_0.name from users u1_0
1731494566304|0|commit|
1731495109182|3|statement|select * from information_schema.sequences
1731495109220|1|statement|select * from "public"."project" where 1=0
1731495109226|0|statement|select * from "public"."users" where 1=0
1731495109239|0|statement|select * from "public"."project" where 1=0
1731495109242|0|statement|select * from "public"."users" where 1=0
1731495244186|4|statement|select * from information_schema.sequences
1731495244221|0|statement|select * from "public"."project" where 1=0
1731495244227|0|statement|select * from "public"."users" where 1=0
1731495244239|0|statement|select * from "public"."project" where 1=0
1731495244241|0|statement|select * from "public"."users" where 1=0
1731495490110|2|statement|select u1_0.users_id,u1_0.email,u1_0.name from users u1_0
1731495490118|1|commit|
1731495580715|4|statement|select * from information_schema.sequences
1731495580762|1|statement|select * from "public"."project" where 1=0
1731495580770|0|statement|select * from "public"."users" where 1=0
1731495580786|0|statement|select * from "public"."project" where 1=0
1731495580790|0|statement|select * from "public"."users" where 1=0
1731495609430|1|statement|select u1_0.users_id,u1_0.email,u1_0.name from users u1_0
1731495609439|0|commit|
1731495649959|2|statement|select u1_0.users_id,u1_0.email,u1_0.name,p1_0.users_id,p1_1.project_id,p1_1.description,p1_1.title,t1_0.task_id,p2_0.project_id,p2_0.description,p2_0.title,t1_0.statue,t1_0.title from users u1_0 left join users_project p1_0 on u1_0.users_id=p1_0.users_id left join project p1_1 on p1_1.project_id=p1_0.project_id left join task t1_0 on u1_0.users_id=t1_0.users_id left join project p2_0 on p2_0.project_id=t1_0.project_id where u1_0.users_id=1
1731495650056|1|statement|insert into users (email,name) values ('john.doe@example.com','John Doe')
1731495650081|1|statement|select p1_0.project_id,p1_0.description,t1_0.project_id,t1_0.task_id,t1_0.statue,t1_0.title,u1_0.users_id,u1_0.email,u1_0.name,p1_0.title from project p1_0 left join task t1_0 on p1_0.project_id=t1_0.project_id left join users u1_0 on u1_0.users_id=t1_0.users_id where p1_0.project_id=101
1731495650081|1|statement|insert into project (description,title) values ('This is the description of Project A.','Project A')
1731495650089|2|statement|select t1_0.task_id,p1_0.project_id,p1_0.description,p1_0.title,u1_0.project_id,u1_1.users_id,u1_1.email,u1_1.name,t2_0.task_id,t2_0.project_id,t2_0.statue,t2_0.title,t1_0.statue,t1_0.title,u2_0.users_id,u2_0.email,u2_0.name from task t1_0 left join project p1_0 on p1_0.project_id=t1_0.project_id left join users_project u1_0 on p1_0.project_id=u1_0.project_id left join users u1_1 on u1_1.users_id=u1_0.users_id left join task t2_0 on u1_1.users_id=t2_0.users_id left join users u2_0 on u2_0.users_id=t1_0.users_id where t1_0.task_id=1001
1731495650089|1|statement|insert into task (project_id,statue,title,users_id) values (NULL,'In Progress','Task 1 for Project A',NULL)
1731495650098|1|statement|select t1_0.task_id,p1_0.project_id,p1_0.description,p1_0.title,u1_0.project_id,u1_1.users_id,u1_1.email,u1_1.name,t2_0.task_id,t2_0.project_id,t2_0.statue,t2_0.title,t1_0.statue,t1_0.title,u2_0.users_id,u2_0.email,u2_0.name from task t1_0 left join project p1_0 on p1_0.project_id=t1_0.project_id left join users_project u1_0 on p1_0.project_id=u1_0.project_id left join users u1_1 on u1_1.users_id=u1_0.users_id left join task t2_0 on u1_1.users_id=t2_0.users_id left join users u2_0 on u2_0.users_id=t1_0.users_id where t1_0.task_id=1002
1731495650100|0|statement|insert into task (project_id,statue,title,users_id) values (NULL,'Completed','Task 2 for Project A',NULL)
1731495650103|1|statement|select p1_0.project_id,p1_0.description,t1_0.project_id,t1_0.task_id,t1_0.statue,t1_0.title,u1_0.users_id,u1_0.email,u1_0.name,p1_0.title from project p1_0 left join task t1_0 on p1_0.project_id=t1_0.project_id left join users u1_0 on u1_0.users_id=t1_0.users_id where p1_0.project_id=102
1731495650103|0|statement|insert into project (description,title) values ('This is the description of Project B.','Project B')
1731495650106|2|statement|select t1_0.task_id,p1_0.project_id,p1_0.description,p1_0.title,u1_0.project_id,u1_1.users_id,u1_1.email,u1_1.name,t2_0.task_id,t2_0.project_id,t2_0.statue,t2_0.title,t1_0.statue,t1_0.title,u2_0.users_id,u2_0.email,u2_0.name from task t1_0 left join project p1_0 on p1_0.project_id=t1_0.project_id left join users_project u1_0 on p1_0.project_id=u1_0.project_id left join users u1_1 on u1_1.users_id=u1_0.users_id left join task t2_0 on u1_1.users_id=t2_0.users_id left join users u2_0 on u2_0.users_id=t1_0.users_id where t1_0.task_id=2001
1731495650106|0|statement|insert into task (project_id,statue,title,users_id) values (NULL,'Not Started','Task 1 for Project B',NULL)
1731495650106|1|statement|select t1_0.task_id,p1_0.project_id,p1_0.description,p1_0.title,u1_0.project_id,u1_1.users_id,u1_1.email,u1_1.name,t2_0.task_id,t2_0.project_id,t2_0.statue,t2_0.title,t1_0.statue,t1_0.title,u2_0.users_id,u2_0.email,u2_0.name from task t1_0 left join project p1_0 on p1_0.project_id=t1_0.project_id left join users_project u1_0 on p1_0.project_id=u1_0.project_id left join users u1_1 on u1_1.users_id=u1_0.users_id left join task t2_0 on u1_1.users_id=t2_0.users_id left join users u2_0 on u2_0.users_id=t1_0.users_id where t1_0.task_id=2002
1731495650114|0|statement|insert into task (project_id,statue,title,users_id) values (NULL,'In Progress','Task 2 for Project B',NULL)
1731495650189|1|statement|insert into users_project (users_id,project_id) values (2,3)
1731495650189|0|statement|insert into users_project (users_id,project_id) values (2,2)
1731495650197|1|commit|
1731495668389|0|statement|select u1_0.users_id,u1_0.email,u1_0.name from users u1_0
1731495668406|0|statement|select t1_0.task_id,t1_0.project_id,t1_0.statue,t1_0.title,t1_0.users_id from task t1_0 where t1_0.users_id=2
1731495668406|0|commit|
1731495668413|1|statement|select p1_0.users_id,p1_1.project_id,p1_1.description,p1_1.title from users_project p1_0 join project p1_1 on p1_1.project_id=p1_0.project_id where p1_0.users_id=2
1731495668421|0|statement|select t1_0.project_id,t1_0.task_id,t1_0.statue,t1_0.title,t1_0.users_id from task t1_0 where t1_0.project_id=2
1731495668421|0|statement|select t1_0.project_id,t1_0.task_id,t1_0.statue,t1_0.title,t1_0.users_id from task t1_0 where t1_0.project_id=3
1731495681171|1|statement|select t1_0.task_id,t1_0.project_id,t1_0.statue,t1_0.title,t1_0.users_id from task t1_0
1731495681171|0|commit|
1731495697164|0|statement|select p1_0.project_id,p1_0.description,p1_0.title from project p1_0
1731495697164|0|commit|
1731495697167|0|statement|select t1_0.project_id,t1_0.task_id,t1_0.statue,t1_0.title,t1_0.users_id from task t1_0 where t1_0.project_id=2
1731495697167|1|statement|select t1_0.project_id,t1_0.task_id,t1_0.statue,t1_0.title,t1_0.users_id from task t1_0 where t1_0.project_id=3
1731496025996|0|statement|select p1_0.project_id,p1_0.description,p1_0.title from project p1_0
1731496025996|0|commit|
1731496025996|0|statement|select t1_0.project_id,t1_0.task_id,t1_0.statue,t1_0.title,t1_0.users_id from task t1_0 where t1_0.project_id=2
1731496025996|0|statement|select t1_0.project_id,t1_0.task_id,t1_0.statue,t1_0.title,t1_0.users_id from task t1_0 where t1_0.project_id=3
1731496156478|0|statement|select p1_0.project_id,p1_0.description,p1_0.title from project p1_0
1731496156479|0|commit|
1731496156479|0|statement|select t1_0.project_id,t1_0.task_id,t1_0.statue,t1_0.title,t1_0.users_id from task t1_0 where t1_0.project_id=2
1731496156479|0|statement|select t1_0.project_id,t1_0.task_id,t1_0.statue,t1_0.title,t1_0.users_id from task t1_0 where t1_0.project_id=3
1731496165952|1|statement|select u1_0.users_id,u1_0.email,u1_0.name from users u1_0
1731496165952|0|statement|select t1_0.task_id,t1_0.project_id,t1_0.statue,t1_0.title,t1_0.users_id from task t1_0 where t1_0.users_id=2
1731496165952|0|commit|
1731496165961|0|statement|select p1_0.users_id,p1_1.project_id,p1_1.description,p1_1.title from users_project p1_0 join project p1_1 on p1_1.project_id=p1_0.project_id where p1_0.users_id=2
1731496165961|0|statement|select t1_0.project_id,t1_0.task_id,t1_0.statue,t1_0.title,t1_0.users_id from task t1_0 where t1_0.project_id=2
1731496165961|0|statement|select t1_0.project_id,t1_0.task_id,t1_0.statue,t1_0.title,t1_0.users_id from task t1_0 where t1_0.project_id=3
1731501182697|3|statement|select * from information_schema.sequences
1731501182838|129|statement|create table project (project_id bigserial not null, description varchar(255), title varchar(255), primary key (project_id))
1731501182890|49|statement|create table task (task_id bigserial not null, statue varchar(255), title varchar(255), project_id bigint, primary key (task_id))
1731501182904|12|statement|create table users (users_id bigserial not null, email varchar(255), name varchar(255), primary key (users_id))
1731501182913|7|statement|create table users_project (users_id bigint not null, project_id bigint not null, primary key (users_id, project_id))
1731501182918|5|statement|create index idx_project_title on project (title)
1731501182924|5|statement|create index idx_project_description on project (description)
1731501182930|3|statement|alter table if exists task add constraint FKk8qrwowg31kx7hp93sru1pdqa foreign key (project_id) references project
1731501182933|2|statement|alter table if exists users_project add constraint FKnns300cdahrg4ye5xj82s6ltc foreign key (project_id) references project
1731501182936|1|statement|alter table if exists users_project add constraint FKlqcpatvwng68j2j9ufdl1s56h foreign key (users_id) references users
1731503290794|4|statement|select * from information_schema.sequences
1731503290842|0|statement|select * from "public"."project" where 1=0
1731503290858|0|statement|select * from "public"."project" where 1=0
1731503290862|0|statement|select * from "public"."users" where 1=0
1731503325122|4|statement|select * from information_schema.sequences
1731503325159|0|statement|select * from "public"."project" where 1=0
1731503325175|0|statement|select * from "public"."project" where 1=0
1731503325177|0|statement|select * from "public"."users" where 1=0
1731503471944|4|statement|select * from information_schema.sequences
1731503471982|0|statement|select * from "public"."project" where 1=0
1731503471996|0|statement|select * from "public"."project" where 1=0
1731503471998|0|statement|select * from "public"."users" where 1=0
1731503583336|4|statement|select * from information_schema.sequences
1731503583379|0|statement|select * from "public"."project" where 1=0
1731503583394|0|statement|select * from "public"."project" where 1=0
1731503583397|0|statement|select * from "public"."users" where 1=0
1731503981739|4|statement|select * from information_schema.sequences
1731503981770|0|statement|select * from "public"."project" where 1=0
1731503981786|0|statement|select * from "public"."project" where 1=0
1731503981786|0|statement|select * from "public"."users" where 1=0
1731504057207|4|statement|select * from information_schema.sequences
1731504057245|0|statement|select * from "public"."project" where 1=0
1731504057258|0|statement|select * from "public"."project" where 1=0
1731504057261|0|statement|select * from "public"."users" where 1=0
1731504140894|3|statement|select * from information_schema.sequences
1731504140931|0|statement|select * from "public"."project" where 1=0
1731504140944|0|statement|select * from "public"."project" where 1=0
1731504140947|0|statement|select * from "public"."users" where 1=0
1731504187212|4|statement|select * from information_schema.sequences
1731504187249|0|statement|select * from "public"."project" where 1=0
1731504187263|0|statement|select * from "public"."project" where 1=0
1731504187265|0|statement|select * from "public"."users" where 1=0
1731504205585|4|statement|select * from information_schema.sequences
1731504205623|0|statement|select * from "public"."project" where 1=0
1731504205640|0|statement|select * from "public"."project" where 1=0
1731504205642|0|statement|select * from "public"."users" where 1=0
1731504364108|4|statement|select * from information_schema.sequences
1731504364144|0|statement|select * from "public"."project" where 1=0
1731504364159|0|statement|select * from "public"."project" where 1=0
1731504364161|0|statement|select * from "public"."users" where 1=0
1731504642692|4|statement|select * from information_schema.sequences
1731504642735|0|statement|select * from "public"."project" where 1=0
1731504642750|0|statement|select * from "public"."project" where 1=0
1731504642752|0|statement|select * from "public"."users" where 1=0
1731504649456|1|statement|select distinct u1_0.users_id,u1_0.email,u1_0.name,p1_0.users_id,p1_1.project_id,p1_1.description,p1_1.title from users u1_0 join users_project p1_0 on u1_0.users_id=p1_0.users_id join project p1_1 on p1_1.project_id=p1_0.project_id where u1_0.name like '%SS%' escape ''
1731504653426|1|statement|select distinct u1_0.users_id,u1_0.email,u1_0.name,p1_0.users_id,p1_1.project_id,p1_1.description,p1_1.title from users u1_0 join users_project p1_0 on u1_0.users_id=p1_0.users_id join project p1_1 on p1_1.project_id=p1_0.project_id where u1_0.name like '%SS%' escape ''
1731504708310|4|statement|select * from information_schema.sequences
1731504708353|0|statement|select * from "public"."project" where 1=0
1731504708368|0|statement|select * from "public"."project" where 1=0
1731504708370|0|statement|select * from "public"."users" where 1=0
1731504986187|1|statement|select distinct u1_0.users_id,u1_0.email,u1_0.name,p1_0.users_id,p1_1.project_id,p1_1.description,p1_1.title from users u1_0 join users_project p1_0 on u1_0.users_id=p1_0.users_id join project p1_1 on p1_1.project_id=p1_0.project_id where u1_0.name like '%SS%' escape ''
1731504986188|2|statement|select distinct u1_0.users_id,u1_0.email,u1_0.name,p1_0.users_id,p1_1.project_id,p1_1.description,p1_1.title from users u1_0 join users_project p1_0 on u1_0.users_id=p1_0.users_id join project p1_1 on p1_1.project_id=p1_0.project_id where u1_0.name like '%SS%' escape ''
1731504992270|3|statement|select * from information_schema.sequences
1731504992308|0|statement|select * from "public"."project" where 1=0
1731504992322|0|statement|select * from "public"."project" where 1=0
1731504992324|0|statement|select * from "public"."users" where 1=0
1731504996121|1|statement|select distinct u1_0.users_id,u1_0.email,u1_0.name,p1_0.users_id,p1_1.project_id,p1_1.description,p1_1.title from users u1_0 join users_project p1_0 on u1_0.users_id=p1_0.users_id join project p1_1 on p1_1.project_id=p1_0.project_id where u1_0.name like '%SS%' escape ''
1731505047538|4|statement|select * from information_schema.sequences
1731505047574|0|statement|select * from "public"."project" where 1=0
1731505047589|0|statement|select * from "public"."project" where 1=0
1731505047591|0|statement|select * from "public"."users" where 1=0
1731505053108|1|statement|select distinct u1_0.users_id,u1_0.email,u1_0.name,p1_0.users_id,p1_1.project_id,p1_1.description,p1_1.title from users u1_0 join users_project p1_0 on u1_0.users_id=p1_0.users_id join project p1_1 on p1_1.project_id=p1_0.project_id where u1_0.name like '%SS%' escape ''
1731505066495|4|statement|select * from information_schema.sequences
1731505066534|0|statement|select * from "public"."project" where 1=0
1731505066549|0|statement|select * from "public"."project" where 1=0
1731505066551|0|statement|select * from "public"."users" where 1=0
1731505150306|4|statement|select * from information_schema.sequences
1731505150352|0|statement|select * from "public"."project" where 1=0
1731505150377|0|statement|select * from "public"."project" where 1=0
1731505150380|0|statement|select * from "public"."users" where 1=0
1731505176496|1|statement|select distinct u1_0.users_id,u1_0.email,u1_0.name,p1_0.users_id,p1_1.project_id,p1_1.description,p1_1.title from users u1_0 join users_project p1_0 on u1_0.users_id=p1_0.users_id join project p1_1 on p1_1.project_id=p1_0.project_id where u1_0.name like '%SS%' escape ''
1731505351691|3|statement|select * from information_schema.sequences
1731505351724|0|statement|select * from "public"."project" where 1=0
1731505351737|0|statement|select * from "public"."project" where 1=0
1731505351740|0|statement|select * from "public"."users" where 1=0
1731505367563|1|statement|select distinct u1_0.users_id,u1_0.email,u1_0.name from users u1_0 where u1_0.name like '%SS%' escape ''
1731505367591|1|statement|select p1_0.users_id,p1_1.project_id,p1_1.description,p1_1.title from users_project p1_0 join project p1_1 on p1_1.project_id=p1_0.project_id where p1_0.users_id=1
1731505471062|5|statement|select * from information_schema.sequences
1731505471102|0|statement|select * from "public"."project" where 1=0
1731505471117|0|statement|select * from "public"."project" where 1=0
1731505471119|0|statement|select * from "public"."users" where 1=0
1731505582829|4|statement|select * from information_schema.sequences
1731505582871|0|statement|select * from "public"."project" where 1=0
1731505582884|0|statement|select * from "public"."project" where 1=0
1731505582887|0|statement|select * from "public"."users" where 1=0
1731505585481|1|statement|select distinct u1_0.users_id,u1_0.email,u1_0.name,p1_0.users_id,p1_1.project_id,p1_1.description,p1_1.title from users u1_0 join users_project p1_0 on u1_0.users_id=p1_0.users_id join project p1_1 on p1_1.project_id=p1_0.project_id where u1_0.name like '%SS%' escape ''
1731505607398|3|statement|select * from information_schema.sequences
1731505607433|0|statement|select * from "public"."project" where 1=0
1731505607445|0|statement|select * from "public"."project" where 1=0
1731505607448|0|statement|select * from "public"."users" where 1=0
1731505609156|1|statement|select distinct u1_0.users_id,u1_0.email,u1_0.name,p1_0.users_id,p1_1.project_id,p1_1.description,p1_1.title from users u1_0 left join users_project p1_0 on u1_0.users_id=p1_0.users_id left join project p1_1 on p1_1.project_id=p1_0.project_id where u1_0.name like '%SS%' escape ''
1731507021701|5|statement|select * from information_schema.sequences
1731507021741|0|statement|select * from "public"."project" where 1=0
1731507021755|0|statement|select * from "public"."project" where 1=0
1731507021758|0|statement|select * from "public"."users" where 1=0
1731507089711|4|statement|select u1_0.users_id,u1_0.email,u1_0.name from users u1_0 offset 0 rows fetch first 10 rows only
1731507089744|2|commit|
1731507089752|1|statement|select p1_0.users_id,p1_1.project_id,p1_1.description,p1_1.title from users_project p1_0 join project p1_1 on p1_1.project_id=p1_0.project_id where p1_0.users_id=1
1731507323682|4|statement|select * from information_schema.sequences
1731507323727|0|statement|select * from "public"."project" where 1=0
1731507323742|0|statement|select * from "public"."project" where 1=0
1731507323746|0|statement|select * from "public"."users" where 1=0
1731507326234|1|statement|select u1_0.users_id,u1_0.email,u1_0.name from users u1_0 offset 0 rows fetch first 10 rows only
1731507326250|0|commit|
1731507326256|0|statement|select p1_0.users_id,p1_1.project_id,p1_1.description,p1_1.title from users_project p1_0 join project p1_1 on p1_1.project_id=p1_0.project_id where p1_0.users_id=1
1731507326756|0|statement|select u1_0.users_id,u1_0.email,u1_0.name from users u1_0 offset 0 rows fetch first 10 rows only
1731507326757|0|commit|
1731507326759|1|statement|select p1_0.users_id,p1_1.project_id,p1_1.description,p1_1.title from users_project p1_0 join project p1_1 on p1_1.project_id=p1_0.project_id where p1_0.users_id=1
1731507733633|15|statement|CREATE MATERIALIZED VIEW project_task_count AS SELECT p.id AS project_id, p.title AS project_title, COUNT(t.id) AS task_count FROM project p LEFT JOIN task t ON p.id = t.project_id GROUP BY p.id
1731507883645|15|statement|CREATE MATERIALIZED VIEW project_task_count AS SELECT p.project_id, p.title AS project_title, COUNT(t.task_id) AS task_count FROM project p LEFT JOIN task t ON p.project_id = t.project_id GROUP BY p.project_id
1731507884814|3|statement|select * from information_schema.sequences
1731507884850|0|statement|select * from "public"."project" where 1=0
1731507884864|0|statement|select * from "public"."project" where 1=0
1731507884866|0|statement|select * from "public"."users" where 1=0
1731510160202|12|statement|CREATE MATERIALIZED VIEW project_task_count AS SELECT p.project_id, p.title AS project_title, COUNT(t.task_id) AS task_count FROM project p LEFT JOIN task t ON p.project_id = t.project_id GROUP BY p.project_id
1731512589003|3|statement|select p1_0.project_id,p1_0.description,t1_0.project_id,t1_0.task_id,t1_0.statue,t1_0.title,p1_0.title from project p1_0 left join task t1_0 on p1_0.project_id=t1_0.project_id where p1_0.project_id=123456789
1731512589023|1|statement|insert into project (description,title) values ('This is a description of the project.','Project ABC')
1731512589034|1|statement|select t1_0.task_id,p1_0.project_id,p1_0.description,p1_0.title,u1_0.project_id,u1_1.users_id,u1_1.email,u1_1.name,t1_0.statue,t1_0.title from task t1_0 left join project p1_0 on p1_0.project_id=t1_0.project_id left join users_project u1_0 on p1_0.project_id=u1_0.project_id left join users u1_1 on u1_1.users_id=u1_0.users_id where t1_0.task_id=987654321
1731512589036|0|statement|insert into task (project_id,statue,title) values (NULL,'In Progress','Task 1')
1731512589038|0|statement|select t1_0.task_id,p1_0.project_id,p1_0.description,p1_0.title,u1_0.project_id,u1_1.users_id,u1_1.email,u1_1.name,t1_0.statue,t1_0.title from task t1_0 left join project p1_0 on p1_0.project_id=t1_0.project_id left join users_project u1_0 on p1_0.project_id=u1_0.project_id left join users u1_1 on u1_1.users_id=u1_0.users_id where t1_0.task_id=987654322
1731512589039|0|statement|insert into task (project_id,statue,title) values (NULL,'Completed','Task 2')
1731512589063|0|commit|
1731512742177|7|statement|select p1_0.project_id,p1_0.description,t1_0.project_id,t1_0.task_id,t1_0.statue,t1_0.title,p1_0.title from project p1_0 left join task t1_0 on p1_0.project_id=t1_0.project_id where p1_0.project_id=789456123
1731512742209|2|statement|insert into project (description,title) values ('This project involves redesigning the company website to improve user experience.','Website Redesign')
1731512742225|1|statement|select t1_0.task_id,p1_0.project_id,p1_0.description,p1_0.title,u1_0.project_id,u1_1.users_id,u1_1.email,u1_1.name,t1_0.statue,t1_0.title from task t1_0 left join project p1_0 on p1_0.project_id=t1_0.project_id left join users_project u1_0 on p1_0.project_id=u1_0.project_id left join users u1_1 on u1_1.users_id=u1_0.users_id where t1_0.task_id=123789456
1731512742234|1|statement|insert into task (project_id,statue,title) values (NULL,'Not Started','Design Home Page')
1731512742234|0|statement|select t1_0.task_id,p1_0.project_id,p1_0.description,p1_0.title,u1_0.project_id,u1_1.users_id,u1_1.email,u1_1.name,t1_0.statue,t1_0.title from task t1_0 left join project p1_0 on p1_0.project_id=t1_0.project_id left join users_project u1_0 on p1_0.project_id=u1_0.project_id left join users u1_1 on u1_1.users_id=u1_0.users_id where t1_0.task_id=123789457
1731512742234|0|statement|insert into task (project_id,statue,title) values (NULL,'In Progress','Develop Contact Form')
1731512742241|1|statement|select t1_0.task_id,p1_0.project_id,p1_0.description,p1_0.title,u1_0.project_id,u1_1.users_id,u1_1.email,u1_1.name,t1_0.statue,t1_0.title from task t1_0 left join project p1_0 on p1_0.project_id=t1_0.project_id left join users_project u1_0 on p1_0.project_id=u1_0.project_id left join users u1_1 on u1_1.users_id=u1_0.users_id where t1_0.task_id=123789458
1731512742241|0|statement|insert into task (project_id,statue,title) values (NULL,'Pending','Test Website Responsiveness')
1731512742282|3|commit|
1731512742291|10|statement|REFRESH MATERIALIZED VIEW project_task_count
1731512959787|1|statement|insert into project (description,title) values ('This project involves redesigning the company website to improve user experience.','Website Redesign')
1731512959787|0|statement|insert into task (project_id,statue,title) values (NULL,'Not Started','Design Home Page')
1731512959787|0|statement|insert into task (project_id,statue,title) values (NULL,'In Progress','Develop Contact Form')
1731512959795|0|statement|insert into task (project_id,statue,title) values (NULL,'Pending','Test Website Responsiveness')
1731512959795|0|commit|
1731512959811|15|statement|REFRESH MATERIALIZED VIEW project_task_count
